

Started GET "/home" for 127.0.0.1 at 2014-01-07 19:00:57 +0100

ActionController::RoutingError (No route matches "/home"):
  

Rendered /var/lib/gems/1.9.1/gems/actionpack-3.0.5/lib/action_dispatch/middleware/templates/rescues/routing_error.erb within rescues/layout (4.8ms)


Started GET "/hello.html" for 127.0.0.1 at 2014-01-07 20:35:15 +0100

ActionController::RoutingError (No route matches "/hello.html"):
  

Rendered /var/lib/gems/1.9.1/gems/actionpack-3.0.5/lib/action_dispatch/middleware/templates/rescues/routing_error.erb within rescues/layout (3.9ms)


Started GET "/pages/home" for 127.0.0.1 at 2014-01-07 20:41:02 +0100
  Processing by PagesController#home as HTML
Rendered pages/home.html.erb within layouts/application (6.6ms)
Completed 200 OK in 19ms (Views: 17.3ms | ActiveRecord: 0.0ms)


Started GET "/pages/home" for 127.0.0.1 at 2014-01-07 20:44:55 +0100
  Processing by PagesController#home as HTML
Rendered pages/home.html.erb within layouts/application (6.0ms)
Completed 200 OK in 18ms (Views: 16.5ms | ActiveRecord: 0.0ms)


Started GET "/pages/home" for 127.0.0.1 at 2014-01-07 20:48:22 +0100
  Processing by PagesController#home as HTML
Rendered pages/home.html.erb within layouts/application (7.2ms)
Completed 200 OK in 19ms (Views: 17.7ms | ActiveRecord: 0.0ms)


Started GET "/pages/home" for 127.0.0.1 at 2014-01-07 20:48:41 +0100
  Processing by PagesController#home as HTML
Rendered pages/home.html.erb within layouts/application (6.5ms)
Completed 200 OK in 19ms (Views: 17.1ms | ActiveRecord: 0.0ms)


Started GET "/pages/home" for 127.0.0.1 at 2014-01-07 20:49:00 +0100
  Processing by PagesController#home as HTML
Rendered pages/home.html.erb within layouts/application (6.3ms)
Completed 200 OK in 19ms (Views: 17.4ms | ActiveRecord: 0.0ms)
